Złe użycie czatu|0|Złym użyciem czatu jest na przykład próba handlu na /cb * Ponadto na czatach {ffffff}/m, /og(/ad), /n, /o, /news, czatów globalnych frakcji i podczas wywiadu {a9c4e4}trzeba zachować kulturę!
Pisanie emotikon na czacie IC|0|Na czatach IC nie dopuszcza się emotek. Można to zastąpić na przykład akcją {ffffff}/me uśmiecha się.
IC w OOC|0|Pisanie rzeczy IC na chacie OOC. Przykładem tego jest załatwianie spraw swojej postaci (np. kupywanie auta) kontaktując się z innym graczem za pomocą /w.
OOC w IC|0|Pisanie rzeczy OOC na chacie IC.
BMX Bunny Hopping (BBH)|0|Skakanie na BMX'ie po samochodach graczy/graczach (karane na skargę gracza).
Ninja Jacking (NJ)|1|Wyrzucanie gracza (kierowcy) z pojazdu bez wyraźnego powodu IC.
MetaGaming (MG)|1|Znaczne naruszenie zasady nieprzenikalności informacji OOC do świata IC. * Twoja postać nie może mówić o twoich osobistych sprawach, o komendach do sterowania nią, o tym, że grasz teraz na serwerze. Ona po prostu o tym nie wie.
DM 1 Stopnia|1|Występuje, gdy gracz do DM'u używa tylko broni białej (oprócz piły) bądź pięści.
DM 2 Stopnia|2|Występuje gdy gracz do DM'u używa broni palnej/piły/materiałów wybuchowych.
PowerGaming (PG)|2|Znaczne złamanie/naruszenie zasady umożliwienia reakcji lub zachowania realizmu. 
Celowe Zderzenia|2|Niszczenie przydrożnych konstrukcji, uderzanie w samochody oraz graczy bez wyraźnego powodu IC (jedynie w celu dezorganizacji gry).
Noob Kill|3|Zabicie gracza z powodu nieznajomości zasad RP. 
Ucieczka od akcji, nieodgrywanie|3|Nasz serwer jest serwerem Role Play a więc wszyscy są zobowiązani do odgrywania akcji. * Jeżeli ktoś napiszę akcję skierowaną do ciebie masz obowiązek zareagować (pozytywnie lub negatywnie).
Revenge Kill (RK)|3|Po śmierci postaci mszczenie się na zabójcy bądź przybycie w miejsce uśmiercenia i dalsze odgrywanie. * Na miejsce śmierci można przybyć po 10 minutach, jeżeli akcja przy której ponieśliśmy śmierć zakończyła się. * Przykład: Jeżeli umarłeś podczas napadu i wracasz po 10 minutach ale napad nadal trwa = RK
Car Kill (CK2)|3|Przytrzymanie gracza pod pojazdem, powodujące utratę jego HP lub śmierć.
Heli Kill (HK)|3|Zabicie gracza śmigłem helikoptera.
Drive By (DB)|3|Strzelanie z pojazdu na miejscu kierowcy.
Mordowanie za WL|3|Za umyślne zamordowanie gracza z WL (Poziom Poszukiwania, Wanted Level) bez próby zatrzymania go lub mordowanie graczy z WL którzy podnieśli ręce i rzucili broń na ziemię.
Nabijanie WL|3|Kilkukrotne zwiększenie WL (Poziom Poszukiwania, Wanted Level) graczowi za to samo przestępstwo ( w czasie krótszym niż 5min).
Obrażanie OOC|3|Kierowanie do gracza słów uznawanych za wulgarne mających na celu jego znieważenie.
Gwałt/okaleczenie bez zgody OOC|4|Aby zgwałcić lub okaleczyć gracza, gracz gwałcony/okaleczany musi się na zgodzić na chacie OOC.
DM Podczas Eventu|4|DM podczas eventu lub masowego wydarzenia w którym uczestniczy więcej niż 10 osób mający na celu jego dezorganizację (nie wydarzeń polegających lub wymuszających wzajemną wymianą ognia)
EXtremalny DM|4|Zabicie więcej niż conajmniej 5 graczy w krótkim odstępie czasu.
Spamowanie|4|Kilkukrotne napisanie wiadomości o takim samym sensie merytorycznym w krótkim odstępie czasu.
Oszustwa OOC|4|Oszukiwanie OOC w sprawach dotyczących rozgrywki na serwerze.
Szkodzenie serwerowi|4|Zachowania uznawane za szkodzenie serwerowi są opisane poniżej i tylko te zachowania mogą być uznane za szkodzenie serwerowi. * » Zastawiwanie przejazdu pociągiem * » Crashowanie serwera * » Holowanie czołgu, samolotów, helikopterów w celu dezorganizacji rozgrywki * » Spychanie helikopterów LSPD z dachu komistariatu
Bug Using (BU)|4|Wykorzystywanie buga/niedociągnięcia na serwerze w celu uzyskania korzyści bądź utrudnienia/uprzykrzenia rozgrywki innym. * Pod Bug Using podchodzi także oszukiwanie systemów serwera (np. nabijanie skilla). *  *  {ffffff}Za BU są uznawane:{a9c4e4} * » BU animacje ( /animped, /animswat ) * » C-BUG, Glitch ( DE z okna ) *  * {ffffff}Za BU nie są uznawane: {a9c4e4} * » BU NRG w LV, Maverick w LV * » Tappowanie (naciskanie strzałki na motorze) * » BU szybsze poruszanie się * » BU szlabany pod komi
Ban Evading (BE)|5|Omijanie kary bana (kara bana dotyczy realnej osoby, nie postaci).
Reklamowanie|5|Pisanie na jakimkolwiek czacie reklam lub nazw czy odnośników do innych serwerów RP.
Kradzież kont|5|Niepowołane wejście na konto innego gracza.
Sprzedaż kont|5|Sprzedaż/udostępnianie konta lub rzeczy do konta przypisanej za korzyści OOC. Konta są własnością M-RP i nie zezwala się na sprzedawanie ich lub ich części.
Czitowanie|5|Używanie programów/modów, które w znaczny sposób upraszczają/modyfikują/ingerują w rozgrywke na serwerze.
Celebrity Name (CN)|6|Posiadanie nicku osoby sławnej/historycznej. Przykład: George Washington. *  * Karą za{ffffff} posiadanie niepoprawnego nicku jest: {a9c4e4}Block, lub osoba z CN musi zmienić nick
Zły Nick|6|Niezastosowanie się do zasady nicków, czyli nieposiadanie nicku Imie_Nazwisko. *  * Karą za{ffffff} posiadanie niepoprawnego nicku jest: {a9c4e4}Block, lub osoba ze złym nickiem musi go zmienić.
Złe użycie czatu globalnego|6|Używanie czatów /o, /ad, /news, /(v)opis frakcyjnych ogłoszeń niezgodnie z ich przeznaczeniem. *  * Karą za{ffffff} złe użycie czatu globalnego{a9c4e4} jest blokada pisania na czatach globalnych do 8h, warn
Away From Keyboard (AFK)|6|Bycie nieaktywnym przez czas dłuższy niż 5 minut. * Odstęp pomiędzy nieaktywnościami minimum 3 minuty, inaczej czas nieaktywności się nie zeruje). *  * Karą za{ffffff} AFK {a9c4e4}jest kick
Non-RP|6|Jest to granie niezgodnie z zasadami Role Play. Jest to bardzo ogólne pojęcie. * Chodzi w nim o to, że zachowania bardzo skrajne lub nie spotykane w prawdziwym życiu są uważane za non-rp. *  * Karą za{ffffff} Non-RP{a9c4e4} jest Kick, /slap+pouczenie
Przelewanie majątku|6|Przekazywanie kwot w sumie przekraczającej 20kk lub 50% majątku wliczając w to domy i samochody. * Dotyczy to również pożyczek i handlu przedmiotami o bezpodstawnie zawyżonej wartości. *  * Karą za {ffffff}Przelewanie majątku{a9c4e4} jest block, czystka konta